Vivado Simulator 2017.4
Copyright 1986-1999, 2001-2016 Xilinx, Inc. All Rights Reserved.
Running: C:/Xilinx/Vivado/2017.4/bin/unwrapped/win64.o/xelab.exe -wto 78145c9cf66a4f4a8a19b51f07f00df7 --incr --debug typical --relax --mt 2 -L xil_defaultlib -L unisims_ver -L unimacro_ver -L secureip --snapshot DenseLayer_testbench_behav xil_defaultlib.DenseLayer_testbench xil_defaultlib.glbl -log elaborate.log 
Using 2 slave threads.
WARNING: [XSIM 43-3431] One or more environment variables have been detected which affect the operation of the C compiler. These are typically not set in standard installations and are not tested by Xilinx, however they may be appropriate for your system, so the flow will attempt to continue.  If errors occur, try running fuse with the "-mt off -v 1" switches to see more information from the C compiler. The following environment variables have been detected:
Starting static elaboration
Completed static elaboration
Starting simulation data flow analysis
WARNING: [XSIM 43-4099] "C:/Users/HP/Desktop/MSc.-CNN-Acceleration-on-FPGA-/RTL Inference Model/Mobilenetv1 Lite.srcs/sources_1/new/DenseLayer.v" Line 1. Module DenseLayer_default doesn't have a timescale but at least one module in design has a timescale.
WARNING: [XSIM 43-4099] "C:/Users/HP/Desktop/MSc.-CNN-Acceleration-on-FPGA-/RTL Inference Model/Mobilenetv1 Lite.srcs/sources_1/new/Bitshift.v" Line 1. Module Bitshift doesn't have a timescale but at least one module in design has a timescale.
WARNING: [XSIM 43-4099] "C:/Users/HP/Desktop/MSc.-CNN-Acceleration-on-FPGA-/RTL Inference Model/Mobilenetv1 Lite.srcs/sources_1/new/Bitshift.v" Line 1. Module Bitshift doesn't have a timescale but at least one module in design has a timescale.
WARNING: [XSIM 43-4099] "C:/Users/HP/Desktop/MSc.-CNN-Acceleration-on-FPGA-/RTL Inference Model/Mobilenetv1 Lite.srcs/sources_1/new/Bitshift.v" Line 1. Module Bitshift doesn't have a timescale but at least one module in design has a timescale.
WARNING: [XSIM 43-4099] "C:/Users/HP/Desktop/MSc.-CNN-Acceleration-on-FPGA-/RTL Inference Model/Mobilenetv1 Lite.srcs/sources_1/new/Bitshift.v" Line 1. Module Bitshift doesn't have a timescale but at least one module in design has a timescale.
WARNING: [XSIM 43-4099] "C:/Users/HP/Desktop/MSc.-CNN-Acceleration-on-FPGA-/RTL Inference Model/Mobilenetv1 Lite.srcs/sources_1/new/Bitshift.v" Line 1. Module Bitshift doesn't have a timescale but at least one module in design has a timescale.
WARNING: [XSIM 43-4099] "C:/Users/HP/Desktop/MSc.-CNN-Acceleration-on-FPGA-/RTL Inference Model/Mobilenetv1 Lite.srcs/sources_1/new/Bitshift.v" Line 1. Module Bitshift doesn't have a timescale but at least one module in design has a timescale.
WARNING: [XSIM 43-4099] "C:/Users/HP/Desktop/MSc.-CNN-Acceleration-on-FPGA-/RTL Inference Model/Mobilenetv1 Lite.srcs/sources_1/new/Bitshift.v" Line 1. Module Bitshift doesn't have a timescale but at least one module in design has a timescale.
WARNING: [XSIM 43-4099] "C:/Users/HP/Desktop/MSc.-CNN-Acceleration-on-FPGA-/RTL Inference Model/Mobilenetv1 Lite.srcs/sources_1/new/Bitshift.v" Line 1. Module Bitshift doesn't have a timescale but at least one module in design has a timescale.
WARNING: [XSIM 43-4099] "C:/Users/HP/Desktop/MSc.-CNN-Acceleration-on-FPGA-/RTL Inference Model/Mobilenetv1 Lite.srcs/sources_1/new/Bitshift.v" Line 1. Module Bitshift doesn't have a timescale but at least one module in design has a timescale.
WARNING: [XSIM 43-4099] "C:/Users/HP/Desktop/MSc.-CNN-Acceleration-on-FPGA-/RTL Inference Model/Mobilenetv1 Lite.srcs/sources_1/new/Bitshift.v" Line 1. Module Bitshift doesn't have a timescale but at least one module in design has a timescale.
WARNING: [XSIM 43-4099] "C:/Users/HP/Desktop/MSc.-CNN-Acceleration-on-FPGA-/RTL Inference Model/Mobilenetv1 Lite.srcs/sources_1/new/Bitshift.v" Line 1. Module Bitshift doesn't have a timescale but at least one module in design has a timescale.
WARNING: [XSIM 43-4099] "C:/Users/HP/Desktop/MSc.-CNN-Acceleration-on-FPGA-/RTL Inference Model/Mobilenetv1 Lite.srcs/sources_1/new/Bitshift.v" Line 1. Module Bitshift doesn't have a timescale but at least one module in design has a timescale.
WARNING: [XSIM 43-4099] "C:/Users/HP/Desktop/MSc.-CNN-Acceleration-on-FPGA-/RTL Inference Model/Mobilenetv1 Lite.srcs/sources_1/new/Bitshift.v" Line 1. Module Bitshift doesn't have a timescale but at least one module in design has a timescale.
WARNING: [XSIM 43-4099] "C:/Users/HP/Desktop/MSc.-CNN-Acceleration-on-FPGA-/RTL Inference Model/Mobilenetv1 Lite.srcs/sources_1/new/Bitshift.v" Line 1. Module Bitshift doesn't have a timescale but at least one module in design has a timescale.
WARNING: [XSIM 43-4099] "C:/Users/HP/Desktop/MSc.-CNN-Acceleration-on-FPGA-/RTL Inference Model/Mobilenetv1 Lite.srcs/sources_1/new/Bitshift.v" Line 1. Module Bitshift doesn't have a timescale but at least one module in design has a timescale.
WARNING: [XSIM 43-4099] "C:/Users/HP/Desktop/MSc.-CNN-Acceleration-on-FPGA-/RTL Inference Model/Mobilenetv1 Lite.srcs/sources_1/new/Bitshift.v" Line 1. Module Bitshift doesn't have a timescale but at least one module in design has a timescale.
WARNING: [XSIM 43-4099] "C:/Users/HP/Desktop/MSc.-CNN-Acceleration-on-FPGA-/RTL Inference Model/Mobilenetv1 Lite.srcs/sources_1/new/Bitshift.v" Line 1. Module Bitshift doesn't have a timescale but at least one module in design has a timescale.
WARNING: [XSIM 43-4099] "C:/Users/HP/Desktop/MSc.-CNN-Acceleration-on-FPGA-/RTL Inference Model/Mobilenetv1 Lite.srcs/sources_1/new/Bitshift.v" Line 1. Module Bitshift doesn't have a timescale but at least one module in design has a timescale.
WARNING: [XSIM 43-4099] "C:/Users/HP/Desktop/MSc.-CNN-Acceleration-on-FPGA-/RTL Inference Model/Mobilenetv1 Lite.srcs/sources_1/new/Bitshift.v" Line 1. Module Bitshift doesn't have a timescale but at least one module in design has a timescale.
WARNING: [XSIM 43-4099] "C:/Users/HP/Desktop/MSc.-CNN-Acceleration-on-FPGA-/RTL Inference Model/Mobilenetv1 Lite.srcs/sources_1/new/Bitshift.v" Line 1. Module Bitshift doesn't have a timescale but at least one module in design has a timescale.
WARNING: [XSIM 43-4099] "C:/Users/HP/Desktop/MSc.-CNN-Acceleration-on-FPGA-/RTL Inference Model/Mobilenetv1 Lite.srcs/sources_1/new/Bitshift.v" Line 1. Module Bitshift doesn't have a timescale but at least one module in design has a timescale.
WARNING: [XSIM 43-4099] "C:/Users/HP/Desktop/MSc.-CNN-Acceleration-on-FPGA-/RTL Inference Model/Mobilenetv1 Lite.srcs/sources_1/new/Bitshift.v" Line 1. Module Bitshift doesn't have a timescale but at least one module in design has a timescale.
WARNING: [XSIM 43-4099] "C:/Users/HP/Desktop/MSc.-CNN-Acceleration-on-FPGA-/RTL Inference Model/Mobilenetv1 Lite.srcs/sources_1/new/Bitshift.v" Line 1. Module Bitshift doesn't have a timescale but at least one module in design has a timescale.
WARNING: [XSIM 43-4099] "C:/Users/HP/Desktop/MSc.-CNN-Acceleration-on-FPGA-/RTL Inference Model/Mobilenetv1 Lite.srcs/sources_1/new/Bitshift.v" Line 1. Module Bitshift doesn't have a timescale but at least one module in design has a timescale.
WARNING: [XSIM 43-4099] "C:/Users/HP/Desktop/MSc.-CNN-Acceleration-on-FPGA-/RTL Inference Model/Mobilenetv1 Lite.srcs/sources_1/new/Bitshift.v" Line 1. Module Bitshift doesn't have a timescale but at least one module in design has a timescale.
WARNING: [XSIM 43-4099] "C:/Users/HP/Desktop/MSc.-CNN-Acceleration-on-FPGA-/RTL Inference Model/Mobilenetv1 Lite.srcs/sources_1/new/Bitshift.v" Line 1. Module Bitshift doesn't have a timescale but at least one module in design has a timescale.
WARNING: [XSIM 43-4099] "C:/Users/HP/Desktop/MSc.-CNN-Acceleration-on-FPGA-/RTL Inference Model/Mobilenetv1 Lite.srcs/sources_1/new/Bitshift.v" Line 1. Module Bitshift doesn't have a timescale but at least one module in design has a timescale.
WARNING: [XSIM 43-4099] "C:/Users/HP/Desktop/MSc.-CNN-Acceleration-on-FPGA-/RTL Inference Model/Mobilenetv1 Lite.srcs/sources_1/new/Bitshift.v" Line 1. Module Bitshift doesn't have a timescale but at least one module in design has a timescale.
WARNING: [XSIM 43-4099] "C:/Users/HP/Desktop/MSc.-CNN-Acceleration-on-FPGA-/RTL Inference Model/Mobilenetv1 Lite.srcs/sources_1/new/Bitshift.v" Line 1. Module Bitshift doesn't have a timescale but at least one module in design has a timescale.
WARNING: [XSIM 43-4099] "C:/Users/HP/Desktop/MSc.-CNN-Acceleration-on-FPGA-/RTL Inference Model/Mobilenetv1 Lite.srcs/sources_1/new/Bitshift.v" Line 1. Module Bitshift doesn't have a timescale but at least one module in design has a timescale.
WARNING: [XSIM 43-4099] "C:/Users/HP/Desktop/MSc.-CNN-Acceleration-on-FPGA-/RTL Inference Model/Mobilenetv1 Lite.srcs/sources_1/new/Bitshift.v" Line 1. Module Bitshift doesn't have a timescale but at least one module in design has a timescale.
WARNING: [XSIM 43-4099] "C:/Users/HP/Desktop/MSc.-CNN-Acceleration-on-FPGA-/RTL Inference Model/Mobilenetv1 Lite.srcs/sources_1/new/Bitshift.v" Line 1. Module Bitshift doesn't have a timescale but at least one module in design has a timescale.
WARNING: [XSIM 43-4099] "C:/Users/HP/Desktop/MSc.-CNN-Acceleration-on-FPGA-/RTL Inference Model/Mobilenetv1 Lite.srcs/sources_1/new/Bitshift.v" Line 1. Module Bitshift doesn't have a timescale but at least one module in design has a timescale.
WARNING: [XSIM 43-4099] "C:/Users/HP/Desktop/MSc.-CNN-Acceleration-on-FPGA-/RTL Inference Model/Mobilenetv1 Lite.srcs/sources_1/new/Bitshift.v" Line 1. Module Bitshift doesn't have a timescale but at least one module in design has a timescale.
WARNING: [XSIM 43-4099] "C:/Users/HP/Desktop/MSc.-CNN-Acceleration-on-FPGA-/RTL Inference Model/Mobilenetv1 Lite.srcs/sources_1/new/Bitshift.v" Line 1. Module Bitshift doesn't have a timescale but at least one module in design has a timescale.
WARNING: [XSIM 43-4099] "C:/Users/HP/Desktop/MSc.-CNN-Acceleration-on-FPGA-/RTL Inference Model/Mobilenetv1 Lite.srcs/sources_1/new/Bitshift.v" Line 1. Module Bitshift doesn't have a timescale but at least one module in design has a timescale.
WARNING: [XSIM 43-4099] "C:/Users/HP/Desktop/MSc.-CNN-Acceleration-on-FPGA-/RTL Inference Model/Mobilenetv1 Lite.srcs/sources_1/new/Bitshift.v" Line 1. Module Bitshift doesn't have a timescale but at least one module in design has a timescale.
WARNING: [XSIM 43-4099] "C:/Users/HP/Desktop/MSc.-CNN-Acceleration-on-FPGA-/RTL Inference Model/Mobilenetv1 Lite.srcs/sources_1/new/Bitshift.v" Line 1. Module Bitshift doesn't have a timescale but at least one module in design has a timescale.
WARNING: [XSIM 43-4099] "C:/Users/HP/Desktop/MSc.-CNN-Acceleration-on-FPGA-/RTL Inference Model/Mobilenetv1 Lite.srcs/sources_1/new/Bitshift.v" Line 1. Module Bitshift doesn't have a timescale but at least one module in design has a timescale.
WARNING: [XSIM 43-4099] "C:/Users/HP/Desktop/MSc.-CNN-Acceleration-on-FPGA-/RTL Inference Model/Mobilenetv1 Lite.srcs/sources_1/new/Bitshift.v" Line 1. Module Bitshift doesn't have a timescale but at least one module in design has a timescale.
WARNING: [XSIM 43-4099] "C:/Users/HP/Desktop/MSc.-CNN-Acceleration-on-FPGA-/RTL Inference Model/Mobilenetv1 Lite.srcs/sources_1/new/Bitshift.v" Line 1. Module Bitshift doesn't have a timescale but at least one module in design has a timescale.
WARNING: [XSIM 43-4099] "C:/Users/HP/Desktop/MSc.-CNN-Acceleration-on-FPGA-/RTL Inference Model/Mobilenetv1 Lite.srcs/sources_1/new/Bitshift.v" Line 1. Module Bitshift doesn't have a timescale but at least one module in design has a timescale.
WARNING: [XSIM 43-4099] "C:/Users/HP/Desktop/MSc.-CNN-Acceleration-on-FPGA-/RTL Inference Model/Mobilenetv1 Lite.srcs/sources_1/new/Bitshift.v" Line 1. Module Bitshift doesn't have a timescale but at least one module in design has a timescale.
WARNING: [XSIM 43-4099] "C:/Users/HP/Desktop/MSc.-CNN-Acceleration-on-FPGA-/RTL Inference Model/Mobilenetv1 Lite.srcs/sources_1/new/Bitshift.v" Line 1. Module Bitshift doesn't have a timescale but at least one module in design has a timescale.
WARNING: [XSIM 43-4099] "C:/Users/HP/Desktop/MSc.-CNN-Acceleration-on-FPGA-/RTL Inference Model/Mobilenetv1 Lite.srcs/sources_1/new/Bitshift.v" Line 1. Module Bitshift doesn't have a timescale but at least one module in design has a timescale.
WARNING: [XSIM 43-4099] "C:/Users/HP/Desktop/MSc.-CNN-Acceleration-on-FPGA-/RTL Inference Model/Mobilenetv1 Lite.srcs/sources_1/new/Bitshift.v" Line 1. Module Bitshift doesn't have a timescale but at least one module in design has a timescale.
WARNING: [XSIM 43-4099] "C:/Users/HP/Desktop/MSc.-CNN-Acceleration-on-FPGA-/RTL Inference Model/Mobilenetv1 Lite.srcs/sources_1/new/Bitshift.v" Line 1. Module Bitshift doesn't have a timescale but at least one module in design has a timescale.
WARNING: [XSIM 43-4099] "C:/Users/HP/Desktop/MSc.-CNN-Acceleration-on-FPGA-/RTL Inference Model/Mobilenetv1 Lite.srcs/sources_1/new/Bitshift.v" Line 1. Module Bitshift doesn't have a timescale but at least one module in design has a timescale.
WARNING: [XSIM 43-4099] "C:/Users/HP/Desktop/MSc.-CNN-Acceleration-on-FPGA-/RTL Inference Model/Mobilenetv1 Lite.srcs/sources_1/new/Bitshift.v" Line 1. Module Bitshift doesn't have a timescale but at least one module in design has a timescale.
WARNING: [XSIM 43-4099] "C:/Users/HP/Desktop/MSc.-CNN-Acceleration-on-FPGA-/RTL Inference Model/Mobilenetv1 Lite.srcs/sources_1/new/Bitshift.v" Line 1. Module Bitshift doesn't have a timescale but at least one module in design has a timescale.
WARNING: [XSIM 43-4099] "C:/Users/HP/Desktop/MSc.-CNN-Acceleration-on-FPGA-/RTL Inference Model/Mobilenetv1 Lite.srcs/sources_1/new/Bitshift.v" Line 1. Module Bitshift doesn't have a timescale but at least one module in design has a timescale.
WARNING: [XSIM 43-4099] "C:/Users/HP/Desktop/MSc.-CNN-Acceleration-on-FPGA-/RTL Inference Model/Mobilenetv1 Lite.srcs/sources_1/new/Bitshift.v" Line 1. Module Bitshift doesn't have a timescale but at least one module in design has a timescale.
WARNING: [XSIM 43-4099] "C:/Users/HP/Desktop/MSc.-CNN-Acceleration-on-FPGA-/RTL Inference Model/Mobilenetv1 Lite.srcs/sources_1/new/Bitshift.v" Line 1. Module Bitshift doesn't have a timescale but at least one module in design has a timescale.
WARNING: [XSIM 43-4099] "C:/Users/HP/Desktop/MSc.-CNN-Acceleration-on-FPGA-/RTL Inference Model/Mobilenetv1 Lite.srcs/sources_1/new/Bitshift.v" Line 1. Module Bitshift doesn't have a timescale but at least one module in design has a timescale.
WARNING: [XSIM 43-4099] "C:/Users/HP/Desktop/MSc.-CNN-Acceleration-on-FPGA-/RTL Inference Model/Mobilenetv1 Lite.srcs/sources_1/new/Bitshift.v" Line 1. Module Bitshift doesn't have a timescale but at least one module in design has a timescale.
WARNING: [XSIM 43-4099] "C:/Users/HP/Desktop/MSc.-CNN-Acceleration-on-FPGA-/RTL Inference Model/Mobilenetv1 Lite.srcs/sources_1/new/Bitshift.v" Line 1. Module Bitshift doesn't have a timescale but at least one module in design has a timescale.
WARNING: [XSIM 43-4099] "C:/Users/HP/Desktop/MSc.-CNN-Acceleration-on-FPGA-/RTL Inference Model/Mobilenetv1 Lite.srcs/sources_1/new/Bitshift.v" Line 1. Module Bitshift doesn't have a timescale but at least one module in design has a timescale.
WARNING: [XSIM 43-4099] "C:/Users/HP/Desktop/MSc.-CNN-Acceleration-on-FPGA-/RTL Inference Model/Mobilenetv1 Lite.srcs/sources_1/new/Bitshift.v" Line 1. Module Bitshift doesn't have a timescale but at least one module in design has a timescale.
WARNING: [XSIM 43-4099] "C:/Users/HP/Desktop/MSc.-CNN-Acceleration-on-FPGA-/RTL Inference Model/Mobilenetv1 Lite.srcs/sources_1/new/Bitshift.v" Line 1. Module Bitshift doesn't have a timescale but at least one module in design has a timescale.
WARNING: [XSIM 43-4099] "C:/Users/HP/Desktop/MSc.-CNN-Acceleration-on-FPGA-/RTL Inference Model/Mobilenetv1 Lite.srcs/sources_1/new/Bitshift.v" Line 1. Module Bitshift doesn't have a timescale but at least one module in design has a timescale.
WARNING: [XSIM 43-4099] "C:/Users/HP/Desktop/MSc.-CNN-Acceleration-on-FPGA-/RTL Inference Model/Mobilenetv1 Lite.srcs/sources_1/new/Bitshift.v" Line 1. Module Bitshift doesn't have a timescale but at least one module in design has a timescale.
WARNING: [XSIM 43-4099] "C:/Users/HP/Desktop/MSc.-CNN-Acceleration-on-FPGA-/RTL Inference Model/Mobilenetv1 Lite.srcs/sources_1/new/Bitshift.v" Line 1. Module Bitshift doesn't have a timescale but at least one module in design has a timescale.
WARNING: [XSIM 43-4099] "C:/Users/HP/Desktop/MSc.-CNN-Acceleration-on-FPGA-/RTL Inference Model/Mobilenetv1 Lite.srcs/sources_1/new/Bitshift.v" Line 1. Module Bitshift doesn't have a timescale but at least one module in design has a timescale.
WARNING: [XSIM 43-4099] "C:/Users/HP/Desktop/MSc.-CNN-Acceleration-on-FPGA-/RTL Inference Model/Mobilenetv1 Lite.srcs/sources_1/new/Bitshift.v" Line 1. Module Bitshift doesn't have a timescale but at least one module in design has a timescale.
WARNING: [XSIM 43-4099] "C:/Users/HP/Desktop/MSc.-CNN-Acceleration-on-FPGA-/RTL Inference Model/Mobilenetv1 Lite.srcs/sources_1/new/Bitshift.v" Line 1. Module Bitshift doesn't have a timescale but at least one module in design has a timescale.
WARNING: [XSIM 43-4099] "C:/Users/HP/Desktop/MSc.-CNN-Acceleration-on-FPGA-/RTL Inference Model/Mobilenetv1 Lite.srcs/sources_1/new/Bitshift.v" Line 1. Module Bitshift doesn't have a timescale but at least one module in design has a timescale.
WARNING: [XSIM 43-4099] "C:/Users/HP/Desktop/MSc.-CNN-Acceleration-on-FPGA-/RTL Inference Model/Mobilenetv1 Lite.srcs/sources_1/new/Bitshift.v" Line 1. Module Bitshift doesn't have a timescale but at least one module in design has a timescale.
WARNING: [XSIM 43-4099] "C:/Users/HP/Desktop/MSc.-CNN-Acceleration-on-FPGA-/RTL Inference Model/Mobilenetv1 Lite.srcs/sources_1/new/Bitshift.v" Line 1. Module Bitshift doesn't have a timescale but at least one module in design has a timescale.
WARNING: [XSIM 43-4099] "C:/Users/HP/Desktop/MSc.-CNN-Acceleration-on-FPGA-/RTL Inference Model/Mobilenetv1 Lite.srcs/sources_1/new/Bitshift.v" Line 1. Module Bitshift doesn't have a timescale but at least one module in design has a timescale.
WARNING: [XSIM 43-4099] "C:/Users/HP/Desktop/MSc.-CNN-Acceleration-on-FPGA-/RTL Inference Model/Mobilenetv1 Lite.srcs/sources_1/new/Bitshift.v" Line 1. Module Bitshift doesn't have a timescale but at least one module in design has a timescale.
WARNING: [XSIM 43-4099] "C:/Users/HP/Desktop/MSc.-CNN-Acceleration-on-FPGA-/RTL Inference Model/Mobilenetv1 Lite.srcs/sources_1/new/Bitshift.v" Line 1. Module Bitshift doesn't have a timescale but at least one module in design has a timescale.
WARNING: [XSIM 43-4099] "C:/Users/HP/Desktop/MSc.-CNN-Acceleration-on-FPGA-/RTL Inference Model/Mobilenetv1 Lite.srcs/sources_1/new/Bitshift.v" Line 1. Module Bitshift doesn't have a timescale but at least one module in design has a timescale.
WARNING: [XSIM 43-4099] "C:/Users/HP/Desktop/MSc.-CNN-Acceleration-on-FPGA-/RTL Inference Model/Mobilenetv1 Lite.srcs/sources_1/new/Bitshift.v" Line 1. Module Bitshift doesn't have a timescale but at least one module in design has a timescale.
WARNING: [XSIM 43-4099] "C:/Users/HP/Desktop/MSc.-CNN-Acceleration-on-FPGA-/RTL Inference Model/Mobilenetv1 Lite.srcs/sources_1/new/Bitshift.v" Line 1. Module Bitshift doesn't have a timescale but at least one module in design has a timescale.
WARNING: [XSIM 43-4099] "C:/Users/HP/Desktop/MSc.-CNN-Acceleration-on-FPGA-/RTL Inference Model/Mobilenetv1 Lite.srcs/sources_1/new/Bitshift.v" Line 1. Module Bitshift doesn't have a timescale but at least one module in design has a timescale.
WARNING: [XSIM 43-4099] "C:/Users/HP/Desktop/MSc.-CNN-Acceleration-on-FPGA-/RTL Inference Model/Mobilenetv1 Lite.srcs/sources_1/new/Bitshift.v" Line 1. Module Bitshift doesn't have a timescale but at least one module in design has a timescale.
WARNING: [XSIM 43-4099] "C:/Users/HP/Desktop/MSc.-CNN-Acceleration-on-FPGA-/RTL Inference Model/Mobilenetv1 Lite.srcs/sources_1/new/Bitshift.v" Line 1. Module Bitshift doesn't have a timescale but at least one module in design has a timescale.
WARNING: [XSIM 43-4099] "C:/Users/HP/Desktop/MSc.-CNN-Acceleration-on-FPGA-/RTL Inference Model/Mobilenetv1 Lite.srcs/sources_1/new/Bitshift.v" Line 1. Module Bitshift doesn't have a timescale but at least one module in design has a timescale.
WARNING: [XSIM 43-4099] "C:/Users/HP/Desktop/MSc.-CNN-Acceleration-on-FPGA-/RTL Inference Model/Mobilenetv1 Lite.srcs/sources_1/new/Bitshift.v" Line 1. Module Bitshift doesn't have a timescale but at least one module in design has a timescale.
WARNING: [XSIM 43-4099] "C:/Users/HP/Desktop/MSc.-CNN-Acceleration-on-FPGA-/RTL Inference Model/Mobilenetv1 Lite.srcs/sources_1/new/Bitshift.v" Line 1. Module Bitshift doesn't have a timescale but at least one module in design has a timescale.
WARNING: [XSIM 43-4099] "C:/Users/HP/Desktop/MSc.-CNN-Acceleration-on-FPGA-/RTL Inference Model/Mobilenetv1 Lite.srcs/sources_1/new/Bitshift.v" Line 1. Module Bitshift doesn't have a timescale but at least one module in design has a timescale.
WARNING: [XSIM 43-4099] "C:/Users/HP/Desktop/MSc.-CNN-Acceleration-on-FPGA-/RTL Inference Model/Mobilenetv1 Lite.srcs/sources_1/new/Bitshift.v" Line 1. Module Bitshift doesn't have a timescale but at least one module in design has a timescale.
WARNING: [XSIM 43-4099] "C:/Users/HP/Desktop/MSc.-CNN-Acceleration-on-FPGA-/RTL Inference Model/Mobilenetv1 Lite.srcs/sources_1/new/Bitshift.v" Line 1. Module Bitshift doesn't have a timescale but at least one module in design has a timescale.
WARNING: [XSIM 43-4099] "C:/Users/HP/Desktop/MSc.-CNN-Acceleration-on-FPGA-/RTL Inference Model/Mobilenetv1 Lite.srcs/sources_1/new/Bitshift.v" Line 1. Module Bitshift doesn't have a timescale but at least one module in design has a timescale.
WARNING: [XSIM 43-4099] "C:/Users/HP/Desktop/MSc.-CNN-Acceleration-on-FPGA-/RTL Inference Model/Mobilenetv1 Lite.srcs/sources_1/new/Bitshift.v" Line 1. Module Bitshift doesn't have a timescale but at least one module in design has a timescale.
WARNING: [XSIM 43-4099] "C:/Users/HP/Desktop/MSc.-CNN-Acceleration-on-FPGA-/RTL Inference Model/Mobilenetv1 Lite.srcs/sources_1/new/Bitshift.v" Line 1. Module Bitshift doesn't have a timescale but at least one module in design has a timescale.
WARNING: [XSIM 43-4099] "C:/Users/HP/Desktop/MSc.-CNN-Acceleration-on-FPGA-/RTL Inference Model/Mobilenetv1 Lite.srcs/sources_1/new/Bitshift.v" Line 1. Module Bitshift doesn't have a timescale but at least one module in design has a timescale.
WARNING: [XSIM 43-4099] "C:/Users/HP/Desktop/MSc.-CNN-Acceleration-on-FPGA-/RTL Inference Model/Mobilenetv1 Lite.srcs/sources_1/new/Bitshift.v" Line 1. Module Bitshift doesn't have a timescale but at least one module in design has a timescale.
WARNING: [XSIM 43-4099] "C:/Users/HP/Desktop/MSc.-CNN-Acceleration-on-FPGA-/RTL Inference Model/Mobilenetv1 Lite.srcs/sources_1/new/Bitshift.v" Line 1. Module Bitshift doesn't have a timescale but at least one module in design has a timescale.
WARNING: [XSIM 43-4099] "C:/Users/HP/Desktop/MSc.-CNN-Acceleration-on-FPGA-/RTL Inference Model/Mobilenetv1 Lite.srcs/sources_1/new/Bitshift.v" Line 1. Module Bitshift doesn't have a timescale but at least one module in design has a timescale.
WARNING: [XSIM 43-4099] "C:/Users/HP/Desktop/MSc.-CNN-Acceleration-on-FPGA-/RTL Inference Model/Mobilenetv1 Lite.srcs/sources_1/new/Bitshift.v" Line 1. Module Bitshift doesn't have a timescale but at least one module in design has a timescale.
WARNING: [XSIM 43-4099] "C:/Users/HP/Desktop/MSc.-CNN-Acceleration-on-FPGA-/RTL Inference Model/Mobilenetv1 Lite.srcs/sources_1/new/Bitshift.v" Line 1. Module Bitshift doesn't have a timescale but at least one module in design has a timescale.
WARNING: [XSIM 43-4099] "C:/Users/HP/Desktop/MSc.-CNN-Acceleration-on-FPGA-/RTL Inference Model/Mobilenetv1 Lite.srcs/sources_1/new/Bitshift.v" Line 1. Module Bitshift doesn't have a timescale but at least one module in design has a timescale.
WARNING: [XSIM 43-4099] "C:/Users/HP/Desktop/MSc.-CNN-Acceleration-on-FPGA-/RTL Inference Model/Mobilenetv1 Lite.srcs/sources_1/new/Bitshift.v" Line 1. Module Bitshift doesn't have a timescale but at least one module in design has a timescale.
WARNING: [XSIM 43-4099] "C:/Users/HP/Desktop/MSc.-CNN-Acceleration-on-FPGA-/RTL Inference Model/Mobilenetv1 Lite.srcs/sources_1/new/Bitshift.v" Line 1. Module Bitshift doesn't have a timescale but at least one module in design has a timescale.
WARNING: [XSIM 43-4099] "C:/Users/HP/Desktop/MSc.-CNN-Acceleration-on-FPGA-/RTL Inference Model/Mobilenetv1 Lite.srcs/sources_1/new/Bitshift.v" Line 1. Module Bitshift doesn't have a timescale but at least one module in design has a timescale.
WARNING: [XSIM 43-4099] "C:/Users/HP/Desktop/MSc.-CNN-Acceleration-on-FPGA-/RTL Inference Model/Mobilenetv1 Lite.srcs/sources_1/new/Bitshift.v" Line 1. Module Bitshift doesn't have a timescale but at least one module in design has a timescale.
WARNING: [XSIM 43-4099] "C:/Users/HP/Desktop/MSc.-CNN-Acceleration-on-FPGA-/RTL Inference Model/Mobilenetv1 Lite.srcs/sources_1/new/Bitshift.v" Line 1. Module Bitshift doesn't have a timescale but at least one module in design has a timescale.
WARNING: [XSIM 43-4099] "C:/Users/HP/Desktop/MSc.-CNN-Acceleration-on-FPGA-/RTL Inference Model/Mobilenetv1 Lite.srcs/sources_1/new/Bitshift.v" Line 1. Module Bitshift doesn't have a timescale but at least one module in design has a timescale.
INFO: [Common 17-14] Message 'XSIM 43-4099' appears 100 times and further instances of the messages will be disabled. Use the Tcl command set_msg_config to change the current settings.
Completed simulation data flow analysis
Time Resolution for simulation is 1ps
Compiling module xil_defaultlib.Bitshift
Compiling module xil_defaultlib.Adder22
Compiling module xil_defaultlib.DenseLayer_default
Compiling module xil_defaultlib.DenseLayer_testbench
Compiling module xil_defaultlib.glbl
Built simulation snapshot DenseLayer_testbench_behav
