Vivado Simulator 2017.4
Time resolution is 1 ps
Time: 0 | Result values:
gmbvc=-1.500000
Time: 0 | Result values:
gvc=1.500000
Time: 0 | Result values:
map[          0]=1.500000
map[          1]=4.375000
map[          2]=1.500000
map[          3]=4.375000
map[          4]=1.500000
map[          5]=4.375000
map[          6]=1.500000
map[          7]=4.375000
map[          8]=1.500000
map[          9]=4.375000
map[         10]=1.500000
map[         11]=4.375000
map[         12]=1.500000
map[         13]=4.375000
map[         14]=1.500000
map[         15]=4.375000
map[         16]=1.500000
map[         17]=4.375000
map[         18]=1.500000
map[         19]=4.375000
map[         20]=1.500000
map[         21]=4.375000
map[         22]=1.500000
map[         23]=4.375000
map[         24]=1.500000
Time: 0 | Result values:
rowcount=          0
Time: 5 | Result values:
currvaL=1.500000
Time: 5 | Result values:
out1=2.250000
out1=00000000000000100100000000000000
Time: 5 | Result values:
outsimp=2.250000
outsimp=0000001001000000
Time: 5 | Result values:
outmod=2.250000
outmod=0000001001000000
Time: 5 | Result values:
newval=0.750000
Time: 5 | Result values:
outmap[          0]=0.750000
outmap[          1]=5.062500
outmap[          2]=0.750000
outmap[          3]=5.062500
outmap[          4]=0.750000
outmap[          5]=0.000000
outmap[          6]=0.000000
outmap[          7]=0.000000
outmap[          8]=0.000000
outmap[          9]=0.000000
outmap[         10]=0.000000
outmap[         11]=0.000000
outmap[         12]=0.000000
outmap[         13]=0.000000
outmap[         14]=0.000000
outmap[         15]=0.000000
outmap[         16]=0.000000
outmap[         17]=0.000000
outmap[         18]=0.000000
outmap[         19]=0.000000
outmap[         20]=0.000000
outmap[         21]=0.000000
outmap[         22]=0.000000
outmap[         23]=0.000000
outmap[         24]=0.000000
Time: 5 | Result values:
rowcount=          5
Time: 15 | Result values:
currvaL=4.375000
Time: 15 | Result values:
out1=6.562500
out1=00000000000001101001000000000000
Time: 15 | Result values:
outsimp=6.562500
outsimp=0000011010010000
Time: 15 | Result values:
outmod=6.562500
outmod=0000011010010000
Time: 15 | Result values:
newval=5.062500
Time: 15 | Result values:
outmap[          0]=0.750000
outmap[          1]=5.062500
outmap[          2]=0.750000
outmap[          3]=5.062500
outmap[          4]=0.750000
outmap[          5]=5.062500
outmap[          6]=0.750000
outmap[          7]=5.062500
outmap[          8]=0.750000
outmap[          9]=5.062500
outmap[         10]=0.000000
outmap[         11]=0.000000
outmap[         12]=0.000000
outmap[         13]=0.000000
outmap[         14]=0.000000
outmap[         15]=0.000000
outmap[         16]=0.000000
outmap[         17]=0.000000
outmap[         18]=0.000000
outmap[         19]=0.000000
outmap[         20]=0.000000
outmap[         21]=0.000000
outmap[         22]=0.000000
outmap[         23]=0.000000
outmap[         24]=0.000000
Time: 15 | Result values:
rowcount=         10
Time: 25 | Result values:
currvaL=1.500000
Time: 25 | Result values:
out1=2.250000
out1=00000000000000100100000000000000
Time: 25 | Result values:
outsimp=2.250000
outsimp=0000001001000000
Time: 25 | Result values:
outmod=2.250000
outmod=0000001001000000
Time: 25 | Result values:
newval=0.750000
Time: 25 | Result values:
outmap[          0]=0.750000
outmap[          1]=5.062500
outmap[          2]=0.750000
outmap[          3]=5.062500
outmap[          4]=0.750000
outmap[          5]=5.062500
outmap[          6]=0.750000
outmap[          7]=5.062500
outmap[          8]=0.750000
outmap[          9]=5.062500
outmap[         10]=0.750000
outmap[         11]=5.062500
outmap[         12]=0.750000
outmap[         13]=5.062500
outmap[         14]=0.750000
outmap[         15]=0.000000
outmap[         16]=0.000000
outmap[         17]=0.000000
outmap[         18]=0.000000
outmap[         19]=0.000000
outmap[         20]=0.000000
outmap[         21]=0.000000
outmap[         22]=0.000000
outmap[         23]=0.000000
outmap[         24]=0.000000
Time: 25 | Result values:
rowcount=         15
Time: 35 | Result values:
currvaL=4.375000
Time: 35 | Result values:
out1=6.562500
out1=00000000000001101001000000000000
Time: 35 | Result values:
outsimp=6.562500
outsimp=0000011010010000
Time: 35 | Result values:
outmod=6.562500
outmod=0000011010010000
Time: 35 | Result values:
newval=5.062500
Time: 35 | Result values:
outmap[          0]=0.750000
outmap[          1]=5.062500
outmap[          2]=0.750000
outmap[          3]=5.062500
outmap[          4]=0.750000
outmap[          5]=5.062500
outmap[          6]=0.750000
outmap[          7]=5.062500
outmap[          8]=0.750000
outmap[          9]=5.062500
outmap[         10]=0.750000
outmap[         11]=5.062500
outmap[         12]=0.750000
outmap[         13]=5.062500
outmap[         14]=0.750000
outmap[         15]=5.062500
outmap[         16]=0.750000
outmap[         17]=5.062500
outmap[         18]=0.750000
outmap[         19]=5.062500
outmap[         20]=0.000000
outmap[         21]=0.000000
outmap[         22]=0.000000
outmap[         23]=0.000000
outmap[         24]=0.000000
Time: 35 | Result values:
rowcount=         20
Time: 45 | Result values:
currvaL=1.500000
Time: 45 | Result values:
out1=2.250000
out1=00000000000000100100000000000000
Time: 45 | Result values:
outsimp=2.250000
outsimp=0000001001000000
Time: 45 | Result values:
outmod=2.250000
outmod=0000001001000000
Time: 45 | Result values:
newval=0.750000
Time: 45 | Result values:
outmap[          0]=0.750000
outmap[          1]=5.062500
outmap[          2]=0.750000
outmap[          3]=5.062500
outmap[          4]=0.750000
outmap[          5]=5.062500
outmap[          6]=0.750000
outmap[          7]=5.062500
outmap[          8]=0.750000
outmap[          9]=5.062500
outmap[         10]=0.750000
outmap[         11]=5.062500
outmap[         12]=0.750000
outmap[         13]=5.062500
outmap[         14]=0.750000
outmap[         15]=5.062500
outmap[         16]=0.750000
outmap[         17]=5.062500
outmap[         18]=0.750000
outmap[         19]=5.062500
outmap[         20]=0.750000
outmap[         21]=5.062500
outmap[         22]=0.750000
outmap[         23]=5.062500
outmap[         24]=0.750000
Time: 45 | Result values:
rowcount=         25
Time: 55 | Result values:
currvaL=0.000000
Time: 55 | Result values:
out1=0.000000
out1=xxxxxxxxxxxxxxxxxxxxxxxxxxxxxxxx
Time: 55 | Result values:
outsimp=0.000000
outsimp=xxxxxxxxxxxxxxxx
Time: 55 | Result values:
outmod=0.000000
outmod=xxxxxxxxxxxxxxxx
Time: 55 | Result values:
newval=0.000000
Time: 55 | Result values:
rowcount=          0
Time: 60 | Result values:
gvc=15.378906
Time: 60 | Result values:
map[          0]=127.500000
map[          1]=100.382812
map[          2]=127.500000
map[          3]=100.382812
map[          4]=127.500000
map[          5]=100.382812
map[          6]=127.500000
map[          7]=100.382812
map[          8]=127.500000
map[          9]=100.382812
map[         10]=127.500000
map[         11]=100.382812
map[         12]=127.500000
map[         13]=100.382812
map[         14]=127.500000
map[         15]=100.382812
map[         16]=127.500000
map[         17]=100.382812
map[         18]=127.500000
map[         19]=100.382812
map[         20]=127.500000
map[         21]=100.382812
map[         22]=127.500000
map[         23]=100.382812
map[         24]=127.500000
Time: 60 | Result values:
gmbvc=-1.191406
Time: 65 | Result values:
currvaL=127.500000
Time: 65 | Result values:
out1=1960.810547
out1=00000111101010001100111110000000
Time: 65 | Result values:
outsimp=-87.191406
outsimp=1010100011001111
Time: 65 | Result values:
outmod=127.808594
outmod=0111111111001111
Time: 65 | Result values:
newval=126.617188
Time: 65 | Result values:
outmap[          0]=126.617188
outmap[          1]=126.585938
outmap[          2]=126.617188
outmap[          3]=126.585938
outmap[          4]=126.617188
outmap[          5]=5.062500
outmap[          6]=0.750000
outmap[          7]=5.062500
outmap[          8]=0.750000
outmap[          9]=5.062500
outmap[         10]=0.750000
outmap[         11]=5.062500
outmap[         12]=0.750000
outmap[         13]=5.062500
outmap[         14]=0.750000
outmap[         15]=5.062500
outmap[         16]=0.750000
outmap[         17]=5.062500
outmap[         18]=0.750000
outmap[         19]=5.062500
outmap[         20]=0.750000
outmap[         21]=5.062500
outmap[         22]=0.750000
outmap[         23]=5.062500
outmap[         24]=0.750000
Time: 65 | Result values:
rowcount=          5
Time: 75 | Result values:
currvaL=100.382812
Time: 75 | Result values:
out1=1543.777863
out1=00000110000001111100011100100010
Time: 75 | Result values:
outsimp=7.777344
outsimp=0000011111000111
Time: 75 | Result values:
outmod=127.777344
outmod=0111111111000111
Time: 75 | Result values:
newval=126.585938
Time: 75 | Result values:
outmap[          0]=126.617188
outmap[          1]=126.585938
outmap[          2]=126.617188
outmap[          3]=126.585938
outmap[          4]=126.617188
outmap[          5]=126.585938
outmap[          6]=126.617188
outmap[          7]=126.585938
outmap[          8]=126.617188
outmap[          9]=126.585938
outmap[         10]=0.750000
outmap[         11]=5.062500
outmap[         12]=0.750000
outmap[         13]=5.062500
outmap[         14]=0.750000
outmap[         15]=5.062500
outmap[         16]=0.750000
outmap[         17]=5.062500
outmap[         18]=0.750000
outmap[         19]=5.062500
outmap[         20]=0.750000
outmap[         21]=5.062500
outmap[         22]=0.750000
outmap[         23]=5.062500
outmap[         24]=0.750000
Time: 75 | Result values:
rowcount=         10
Time: 85 | Result values:
currvaL=127.500000
Time: 85 | Result values:
out1=1960.810547
out1=00000111101010001100111110000000
Time: 85 | Result values:
outsimp=-87.191406
outsimp=1010100011001111
Time: 85 | Result values:
outmod=127.808594
outmod=0111111111001111
Time: 85 | Result values:
newval=126.617188
Time: 85 | Result values:
outmap[          0]=126.617188
outmap[          1]=126.585938
outmap[          2]=126.617188
outmap[          3]=126.585938
outmap[          4]=126.617188
outmap[          5]=126.585938
outmap[          6]=126.617188
outmap[          7]=126.585938
outmap[          8]=126.617188
outmap[          9]=126.585938
outmap[         10]=126.617188
outmap[         11]=126.585938
outmap[         12]=126.617188
outmap[         13]=126.585938
outmap[         14]=126.617188
outmap[         15]=5.062500
outmap[         16]=0.750000
outmap[         17]=5.062500
outmap[         18]=0.750000
outmap[         19]=5.062500
outmap[         20]=0.750000
outmap[         21]=5.062500
outmap[         22]=0.750000
outmap[         23]=5.062500
outmap[         24]=0.750000
Time: 85 | Result values:
rowcount=         15
Time: 95 | Result values:
currvaL=100.382812
Time: 95 | Result values:
out1=1543.777863
out1=00000110000001111100011100100010
Time: 95 | Result values:
outsimp=7.777344
outsimp=0000011111000111
Time: 95 | Result values:
outmod=127.777344
outmod=0111111111000111
Time: 95 | Result values:
newval=126.585938
Time: 95 | Result values:
outmap[          0]=126.617188
outmap[          1]=126.585938
outmap[          2]=126.617188
outmap[          3]=126.585938
outmap[          4]=126.617188
outmap[          5]=126.585938
outmap[          6]=126.617188
outmap[          7]=126.585938
outmap[          8]=126.617188
outmap[          9]=126.585938
outmap[         10]=126.617188
outmap[         11]=126.585938
outmap[         12]=126.617188
outmap[         13]=126.585938
outmap[         14]=126.617188
outmap[         15]=126.585938
outmap[         16]=126.617188
outmap[         17]=126.585938
outmap[         18]=126.617188
outmap[         19]=126.585938
outmap[         20]=0.750000
outmap[         21]=5.062500
outmap[         22]=0.750000
outmap[         23]=5.062500
outmap[         24]=0.750000
Time: 95 | Result values:
rowcount=         20
Time: 105 | Result values:
currvaL=127.500000
Time: 105 | Result values:
out1=1960.810547
out1=00000111101010001100111110000000
Time: 105 | Result values:
outsimp=-87.191406
outsimp=1010100011001111
Time: 105 | Result values:
outmod=127.808594
outmod=0111111111001111
Time: 105 | Result values:
newval=126.617188
Time: 105 | Result values:
outmap[          0]=126.617188
outmap[          1]=126.585938
outmap[          2]=126.617188
outmap[          3]=126.585938
outmap[          4]=126.617188
outmap[          5]=126.585938
outmap[          6]=126.617188
outmap[          7]=126.585938
outmap[          8]=126.617188
outmap[          9]=126.585938
outmap[         10]=126.617188
outmap[         11]=126.585938
outmap[         12]=126.617188
outmap[         13]=126.585938
outmap[         14]=126.617188
outmap[         15]=126.585938
outmap[         16]=126.617188
outmap[         17]=126.585938
outmap[         18]=126.617188
outmap[         19]=126.585938
outmap[         20]=126.617188
outmap[         21]=126.585938
outmap[         22]=126.617188
outmap[         23]=126.585938
outmap[         24]=126.617188
Time: 105 | Result values:
rowcount=         25
Time: 115 | Result values:
currvaL=0.000000
Time: 115 | Result values:
out1=0.000000
out1=xxxxxxxxxxxxxxxxxxxxxxxxxxxxxxxx
Time: 115 | Result values:
outsimp=0.000000
outsimp=xxxxxxxxxxxxxxxx
Time: 115 | Result values:
outmod=0.000000
outmod=xxxxxxxxxxxxxxxx
Time: 115 | Result values:
newval=0.000000
Time: 115 | Result values:
rowcount=          0
Time: 120 | Result values:
map[          0]=251.250000
map[          1]=251.250000
map[          2]=251.250000
map[          3]=251.250000
map[          4]=251.250000
map[          5]=251.250000
map[          6]=251.250000
map[          7]=251.250000
map[          8]=251.250000
map[          9]=251.250000
map[         10]=251.250000
map[         11]=251.250000
map[         12]=251.250000
map[         13]=251.250000
map[         14]=251.250000
map[         15]=251.250000
map[         16]=251.250000
map[         17]=251.250000
map[         18]=251.250000
map[         19]=251.250000
map[         20]=251.250000
map[         21]=251.250000
map[         22]=251.250000
map[         23]=251.250000
map[         24]=251.250000
Time: 125 | Result values:
currvaL=-4.750000
Time: 125 | Result values:
out1=-73.049805
out1=11111111101101101111001101000000
Time: 125 | Result values:
outsimp=-73.050781
outsimp=1011011011110011
Time: 125 | Result values:
outmod=-73.050781
outmod=1011011011110011
Time: 125 | Result values:
newval=0.000000
Time: 125 | Result values:
outmap[          0]=0.000000
outmap[          1]=0.000000
outmap[          2]=0.000000
outmap[          3]=0.000000
outmap[          4]=0.000000
outmap[          5]=126.585938
outmap[          6]=126.617188
outmap[          7]=126.585938
outmap[          8]=126.617188
outmap[          9]=126.585938
outmap[         10]=126.617188
outmap[         11]=126.585938
outmap[         12]=126.617188
outmap[         13]=126.585938
outmap[         14]=126.617188
outmap[         15]=126.585938
outmap[         16]=126.617188
outmap[         17]=126.585938
outmap[         18]=126.617188
outmap[         19]=126.585938
outmap[         20]=126.617188
outmap[         21]=126.585938
outmap[         22]=126.617188
outmap[         23]=126.585938
outmap[         24]=126.617188
Time: 125 | Result values:
rowcount=          5
Time: 135 | Result values:
newval=0.000000
Time: 135 | Result values:
outmap[          0]=0.000000
outmap[          1]=0.000000
outmap[          2]=0.000000
outmap[          3]=0.000000
outmap[          4]=0.000000
outmap[          5]=0.000000
outmap[          6]=0.000000
outmap[          7]=0.000000
outmap[          8]=0.000000
outmap[          9]=0.000000
outmap[         10]=126.617188
outmap[         11]=126.585938
outmap[         12]=126.617188
outmap[         13]=126.585938
outmap[         14]=126.617188
outmap[         15]=126.585938
outmap[         16]=126.617188
outmap[         17]=126.585938
outmap[         18]=126.617188
outmap[         19]=126.585938
outmap[         20]=126.617188
outmap[         21]=126.585938
outmap[         22]=126.617188
outmap[         23]=126.585938
outmap[         24]=126.617188
Time: 135 | Result values:
rowcount=         10
Time: 145 | Result values:
newval=0.000000
Time: 145 | Result values:
outmap[          0]=0.000000
outmap[          1]=0.000000
outmap[          2]=0.000000
outmap[          3]=0.000000
outmap[          4]=0.000000
outmap[          5]=0.000000
outmap[          6]=0.000000
outmap[          7]=0.000000
outmap[          8]=0.000000
outmap[          9]=0.000000
outmap[         10]=0.000000
outmap[         11]=0.000000
outmap[         12]=0.000000
outmap[         13]=0.000000
outmap[         14]=0.000000
outmap[         15]=126.585938
outmap[         16]=126.617188
outmap[         17]=126.585938
outmap[         18]=126.617188
outmap[         19]=126.585938
outmap[         20]=126.617188
outmap[         21]=126.585938
outmap[         22]=126.617188
outmap[         23]=126.585938
outmap[         24]=126.617188
Time: 145 | Result values:
rowcount=         15
Time: 155 | Result values:
newval=0.000000
Time: 155 | Result values:
outmap[          0]=0.000000
outmap[          1]=0.000000
outmap[          2]=0.000000
outmap[          3]=0.000000
outmap[          4]=0.000000
outmap[          5]=0.000000
outmap[          6]=0.000000
outmap[          7]=0.000000
outmap[          8]=0.000000
outmap[          9]=0.000000
outmap[         10]=0.000000
outmap[         11]=0.000000
outmap[         12]=0.000000
outmap[         13]=0.000000
outmap[         14]=0.000000
outmap[         15]=0.000000
outmap[         16]=0.000000
outmap[         17]=0.000000
outmap[         18]=0.000000
outmap[         19]=0.000000
outmap[         20]=126.617188
outmap[         21]=126.585938
outmap[         22]=126.617188
outmap[         23]=126.585938
outmap[         24]=126.617188
Time: 155 | Result values:
rowcount=         20
Time: 165 | Result values:
newval=0.000000
Time: 165 | Result values:
outmap[          0]=0.000000
outmap[          1]=0.000000
outmap[          2]=0.000000
outmap[          3]=0.000000
outmap[          4]=0.000000
outmap[          5]=0.000000
outmap[          6]=0.000000
outmap[          7]=0.000000
outmap[          8]=0.000000
outmap[          9]=0.000000
outmap[         10]=0.000000
outmap[         11]=0.000000
outmap[         12]=0.000000
outmap[         13]=0.000000
outmap[         14]=0.000000
outmap[         15]=0.000000
outmap[         16]=0.000000
outmap[         17]=0.000000
outmap[         18]=0.000000
outmap[         19]=0.000000
outmap[         20]=0.000000
outmap[         21]=0.000000
outmap[         22]=0.000000
outmap[         23]=0.000000
outmap[         24]=0.000000
Time: 165 | Result values:
rowcount=         25
Time: 175 | Result values:
currvaL=0.000000
Time: 175 | Result values:
out1=0.000000
out1=xxxxxxxxxxxxxxxxxxxxxxxxxxxxxxxx
Time: 175 | Result values:
outsimp=0.000000
outsimp=xxxxxxxxxxxxxxxx
Time: 175 | Result values:
outmod=0.000000
outmod=xxxxxxxxxxxxxxxx
Time: 175 | Result values:
newval=0.000000
Time: 175 | Result values:
rowcount=          0
Time: 185 | Result values:
currvaL=-4.750000
Time: 185 | Result values:
out1=-73.049805
out1=11111111101101101111001101000000
Time: 185 | Result values:
outsimp=-73.050781
outsimp=1011011011110011
Time: 185 | Result values:
outmod=-73.050781
outmod=1011011011110011
Time: 185 | Result values:
newval=0.000000
Time: 185 | Result values:
rowcount=          5
Time: 195 | Result values:
newval=0.000000
Time: 195 | Result values:
rowcount=         10
Time: 205 | Result values:
newval=0.000000
Time: 205 | Result values:
rowcount=         15
Time: 215 | Result values:
newval=0.000000
Time: 215 | Result values:
rowcount=         20
Time: 225 | Result values:
newval=0.000000
Time: 225 | Result values:
rowcount=         25
Time: 235 | Result values:
currvaL=0.000000
Time: 235 | Result values:
out1=0.000000
out1=xxxxxxxxxxxxxxxxxxxxxxxxxxxxxxxx
Time: 235 | Result values:
outsimp=0.000000
outsimp=xxxxxxxxxxxxxxxx
Time: 235 | Result values:
outmod=0.000000
outmod=xxxxxxxxxxxxxxxx
Time: 235 | Result values:
newval=0.000000
Time: 235 | Result values:
rowcount=          0
Time: 245 | Result values:
currvaL=-4.750000
Time: 245 | Result values:
out1=-73.049805
out1=11111111101101101111001101000000
Time: 245 | Result values:
outsimp=-73.050781
outsimp=1011011011110011
Time: 245 | Result values:
outmod=-73.050781
outmod=1011011011110011
Time: 245 | Result values:
newval=0.000000
Time: 245 | Result values:
rowcount=          5
Time: 255 | Result values:
newval=0.000000
Time: 255 | Result values:
rowcount=         10
Time: 265 | Result values:
newval=0.000000
Time: 265 | Result values:
rowcount=         15
Time: 275 | Result values:
newval=0.000000
Time: 275 | Result values:
rowcount=         20
Time: 285 | Result values:
newval=0.000000
Time: 285 | Result values:
rowcount=         25
Time: 295 | Result values:
currvaL=0.000000
Time: 295 | Result values:
out1=0.000000
out1=xxxxxxxxxxxxxxxxxxxxxxxxxxxxxxxx
Time: 295 | Result values:
outsimp=0.000000
outsimp=xxxxxxxxxxxxxxxx
Time: 295 | Result values:
outmod=0.000000
outmod=xxxxxxxxxxxxxxxx
Time: 295 | Result values:
newval=0.000000
Time: 295 | Result values:
rowcount=          0
Time: 305 | Result values:
currvaL=-4.750000
Time: 305 | Result values:
out1=-73.049805
out1=11111111101101101111001101000000
Time: 305 | Result values:
outsimp=-73.050781
outsimp=1011011011110011
Time: 305 | Result values:
outmod=-73.050781
outmod=1011011011110011
Time: 305 | Result values:
newval=0.000000
Time: 305 | Result values:
rowcount=          5
Time: 315 | Result values:
newval=0.000000
Time: 315 | Result values:
rowcount=         10
Time: 325 | Result values:
newval=0.000000
Time: 325 | Result values:
rowcount=         15
Time: 335 | Result values:
newval=0.000000
Time: 335 | Result values:
rowcount=         20
Time: 345 | Result values:
newval=0.000000
Time: 345 | Result values:
rowcount=         25
Time: 355 | Result values:
currvaL=0.000000
Time: 355 | Result values:
out1=0.000000
out1=xxxxxxxxxxxxxxxxxxxxxxxxxxxxxxxx
Time: 355 | Result values:
outsimp=0.000000
outsimp=xxxxxxxxxxxxxxxx
Time: 355 | Result values:
outmod=0.000000
outmod=xxxxxxxxxxxxxxxx
Time: 355 | Result values:
newval=0.000000
Time: 355 | Result values:
rowcount=          0
Time: 365 | Result values:
currvaL=-4.750000
Time: 365 | Result values:
out1=-73.049805
out1=11111111101101101111001101000000
Time: 365 | Result values:
outsimp=-73.050781
outsimp=1011011011110011
Time: 365 | Result values:
outmod=-73.050781
outmod=1011011011110011
Time: 365 | Result values:
newval=0.000000
Time: 365 | Result values:
rowcount=          5
Time: 375 | Result values:
newval=0.000000
Time: 375 | Result values:
rowcount=         10
Time: 385 | Result values:
newval=0.000000
Time: 385 | Result values:
rowcount=         15
Time: 395 | Result values:
newval=0.000000
Time: 395 | Result values:
rowcount=         20
Time: 405 | Result values:
newval=0.000000
Time: 405 | Result values:
rowcount=         25
Time: 415 | Result values:
currvaL=0.000000
Time: 415 | Result values:
out1=0.000000
out1=xxxxxxxxxxxxxxxxxxxxxxxxxxxxxxxx
Time: 415 | Result values:
outsimp=0.000000
outsimp=xxxxxxxxxxxxxxxx
Time: 415 | Result values:
outmod=0.000000
outmod=xxxxxxxxxxxxxxxx
Time: 415 | Result values:
newval=0.000000
Time: 415 | Result values:
rowcount=          0
Time: 425 | Result values:
currvaL=-4.750000
Time: 425 | Result values:
out1=-73.049805
out1=11111111101101101111001101000000
Time: 425 | Result values:
outsimp=-73.050781
outsimp=1011011011110011
Time: 425 | Result values:
outmod=-73.050781
outmod=1011011011110011
Time: 425 | Result values:
newval=0.000000
Time: 425 | Result values:
rowcount=          5
Time: 435 | Result values:
newval=0.000000
Time: 435 | Result values:
rowcount=         10
Time: 445 | Result values:
newval=0.000000
Time: 445 | Result values:
rowcount=         15
Time: 455 | Result values:
newval=0.000000
Time: 455 | Result values:
rowcount=         20
Time: 465 | Result values:
newval=0.000000
Time: 465 | Result values:
rowcount=         25
Time: 475 | Result values:
currvaL=0.000000
Time: 475 | Result values:
out1=0.000000
out1=xxxxxxxxxxxxxxxxxxxxxxxxxxxxxxxx
Time: 475 | Result values:
outsimp=0.000000
outsimp=xxxxxxxxxxxxxxxx
Time: 475 | Result values:
outmod=0.000000
outmod=xxxxxxxxxxxxxxxx
Time: 475 | Result values:
newval=0.000000
Time: 475 | Result values:
rowcount=          0
Time: 485 | Result values:
currvaL=-4.750000
Time: 485 | Result values:
out1=-73.049805
out1=11111111101101101111001101000000
Time: 485 | Result values:
outsimp=-73.050781
outsimp=1011011011110011
Time: 485 | Result values:
outmod=-73.050781
outmod=1011011011110011
Time: 485 | Result values:
newval=0.000000
Time: 485 | Result values:
rowcount=          5
Time: 495 | Result values:
newval=0.000000
Time: 495 | Result values:
rowcount=         10
Time: 505 | Result values:
newval=0.000000
Time: 505 | Result values:
rowcount=         15
Time: 515 | Result values:
newval=0.000000
Time: 515 | Result values:
rowcount=         20
Time: 525 | Result values:
newval=0.000000
Time: 525 | Result values:
rowcount=         25
Time: 535 | Result values:
currvaL=0.000000
Time: 535 | Result values:
out1=0.000000
out1=xxxxxxxxxxxxxxxxxxxxxxxxxxxxxxxx
Time: 535 | Result values:
outsimp=0.000000
outsimp=xxxxxxxxxxxxxxxx
Time: 535 | Result values:
outmod=0.000000
outmod=xxxxxxxxxxxxxxxx
Time: 535 | Result values:
newval=0.000000
Time: 535 | Result values:
rowcount=          0
Time: 545 | Result values:
currvaL=-4.750000
Time: 545 | Result values:
out1=-73.049805
out1=11111111101101101111001101000000
Time: 545 | Result values:
outsimp=-73.050781
outsimp=1011011011110011
Time: 545 | Result values:
outmod=-73.050781
outmod=1011011011110011
Time: 545 | Result values:
newval=0.000000
Time: 545 | Result values:
rowcount=          5
Time: 555 | Result values:
newval=0.000000
Time: 555 | Result values:
rowcount=         10
Time: 565 | Result values:
newval=0.000000
Time: 565 | Result values:
rowcount=         15
Time: 575 | Result values:
newval=0.000000
Time: 575 | Result values:
rowcount=         20
Time: 585 | Result values:
newval=0.000000
Time: 585 | Result values:
rowcount=         25
Time: 595 | Result values:
currvaL=0.000000
Time: 595 | Result values:
out1=0.000000
out1=xxxxxxxxxxxxxxxxxxxxxxxxxxxxxxxx
Time: 595 | Result values:
outsimp=0.000000
outsimp=xxxxxxxxxxxxxxxx
Time: 595 | Result values:
outmod=0.000000
outmod=xxxxxxxxxxxxxxxx
Time: 595 | Result values:
newval=0.000000
Time: 595 | Result values:
rowcount=          0
Time: 605 | Result values:
currvaL=-4.750000
Time: 605 | Result values:
out1=-73.049805
out1=11111111101101101111001101000000
Time: 605 | Result values:
outsimp=-73.050781
outsimp=1011011011110011
Time: 605 | Result values:
outmod=-73.050781
outmod=1011011011110011
Time: 605 | Result values:
newval=0.000000
Time: 605 | Result values:
rowcount=          5
Time: 615 | Result values:
newval=0.000000
Time: 615 | Result values:
rowcount=         10
Time: 625 | Result values:
newval=0.000000
Time: 625 | Result values:
rowcount=         15
Time: 635 | Result values:
newval=0.000000
Time: 635 | Result values:
rowcount=         20
Time: 645 | Result values:
newval=0.000000
Time: 645 | Result values:
rowcount=         25
Time: 655 | Result values:
currvaL=0.000000
Time: 655 | Result values:
out1=0.000000
out1=xxxxxxxxxxxxxxxxxxxxxxxxxxxxxxxx
Time: 655 | Result values:
outsimp=0.000000
outsimp=xxxxxxxxxxxxxxxx
Time: 655 | Result values:
outmod=0.000000
outmod=xxxxxxxxxxxxxxxx
Time: 655 | Result values:
newval=0.000000
Time: 655 | Result values:
rowcount=          0
Time: 665 | Result values:
currvaL=-4.750000
Time: 665 | Result values:
out1=-73.049805
out1=11111111101101101111001101000000
Time: 665 | Result values:
outsimp=-73.050781
outsimp=1011011011110011
Time: 665 | Result values:
outmod=-73.050781
outmod=1011011011110011
Time: 665 | Result values:
newval=0.000000
Time: 665 | Result values:
rowcount=          5
Time: 675 | Result values:
newval=0.000000
Time: 675 | Result values:
rowcount=         10
Time: 685 | Result values:
newval=0.000000
Time: 685 | Result values:
rowcount=         15
Time: 695 | Result values:
newval=0.000000
Time: 695 | Result values:
rowcount=         20
Time: 705 | Result values:
newval=0.000000
Time: 705 | Result values:
rowcount=         25
Time: 715 | Result values:
currvaL=0.000000
Time: 715 | Result values:
out1=0.000000
out1=xxxxxxxxxxxxxxxxxxxxxxxxxxxxxxxx
Time: 715 | Result values:
outsimp=0.000000
outsimp=xxxxxxxxxxxxxxxx
Time: 715 | Result values:
outmod=0.000000
outmod=xxxxxxxxxxxxxxxx
Time: 715 | Result values:
newval=0.000000
Time: 715 | Result values:
rowcount=          0
Time: 725 | Result values:
currvaL=-4.750000
Time: 725 | Result values:
out1=-73.049805
out1=11111111101101101111001101000000
Time: 725 | Result values:
outsimp=-73.050781
outsimp=1011011011110011
Time: 725 | Result values:
outmod=-73.050781
outmod=1011011011110011
Time: 725 | Result values:
newval=0.000000
Time: 725 | Result values:
rowcount=          5
Time: 735 | Result values:
newval=0.000000
Time: 735 | Result values:
rowcount=         10
Time: 745 | Result values:
newval=0.000000
Time: 745 | Result values:
rowcount=         15
Time: 755 | Result values:
newval=0.000000
Time: 755 | Result values:
rowcount=         20
Time: 765 | Result values:
newval=0.000000
Time: 765 | Result values:
rowcount=         25
Time: 775 | Result values:
currvaL=0.000000
Time: 775 | Result values:
out1=0.000000
out1=xxxxxxxxxxxxxxxxxxxxxxxxxxxxxxxx
Time: 775 | Result values:
outsimp=0.000000
outsimp=xxxxxxxxxxxxxxxx
Time: 775 | Result values:
outmod=0.000000
outmod=xxxxxxxxxxxxxxxx
Time: 775 | Result values:
newval=0.000000
Time: 775 | Result values:
rowcount=          0
Time: 785 | Result values:
currvaL=-4.750000
Time: 785 | Result values:
out1=-73.049805
out1=11111111101101101111001101000000
Time: 785 | Result values:
outsimp=-73.050781
outsimp=1011011011110011
Time: 785 | Result values:
outmod=-73.050781
outmod=1011011011110011
Time: 785 | Result values:
newval=0.000000
Time: 785 | Result values:
rowcount=          5
Time: 795 | Result values:
newval=0.000000
Time: 795 | Result values:
rowcount=         10
Time: 805 | Result values:
newval=0.000000
Time: 805 | Result values:
rowcount=         15
Time: 815 | Result values:
newval=0.000000
Time: 815 | Result values:
rowcount=         20
Time: 825 | Result values:
newval=0.000000
Time: 825 | Result values:
rowcount=         25
Time: 835 | Result values:
currvaL=0.000000
Time: 835 | Result values:
out1=0.000000
out1=xxxxxxxxxxxxxxxxxxxxxxxxxxxxxxxx
Time: 835 | Result values:
outsimp=0.000000
outsimp=xxxxxxxxxxxxxxxx
Time: 835 | Result values:
outmod=0.000000
outmod=xxxxxxxxxxxxxxxx
Time: 835 | Result values:
newval=0.000000
Time: 835 | Result values:
rowcount=          0
Time: 845 | Result values:
currvaL=-4.750000
Time: 845 | Result values:
out1=-73.049805
out1=11111111101101101111001101000000
Time: 845 | Result values:
outsimp=-73.050781
outsimp=1011011011110011
Time: 845 | Result values:
outmod=-73.050781
outmod=1011011011110011
Time: 845 | Result values:
newval=0.000000
Time: 845 | Result values:
rowcount=          5
Time: 855 | Result values:
newval=0.000000
Time: 855 | Result values:
rowcount=         10
Time: 865 | Result values:
newval=0.000000
Time: 865 | Result values:
rowcount=         15
Time: 875 | Result values:
newval=0.000000
Time: 875 | Result values:
rowcount=         20
Time: 885 | Result values:
newval=0.000000
Time: 885 | Result values:
rowcount=         25
Time: 895 | Result values:
currvaL=0.000000
Time: 895 | Result values:
out1=0.000000
out1=xxxxxxxxxxxxxxxxxxxxxxxxxxxxxxxx
Time: 895 | Result values:
outsimp=0.000000
outsimp=xxxxxxxxxxxxxxxx
Time: 895 | Result values:
outmod=0.000000
outmod=xxxxxxxxxxxxxxxx
Time: 895 | Result values:
newval=0.000000
Time: 895 | Result values:
rowcount=          0
Time: 905 | Result values:
currvaL=-4.750000
Time: 905 | Result values:
out1=-73.049805
out1=11111111101101101111001101000000
Time: 905 | Result values:
outsimp=-73.050781
outsimp=1011011011110011
Time: 905 | Result values:
outmod=-73.050781
outmod=1011011011110011
Time: 905 | Result values:
newval=0.000000
Time: 905 | Result values:
rowcount=          5
Time: 915 | Result values:
newval=0.000000
Time: 915 | Result values:
rowcount=         10
Time: 925 | Result values:
newval=0.000000
Time: 925 | Result values:
rowcount=         15
Time: 935 | Result values:
newval=0.000000
Time: 935 | Result values:
rowcount=         20
Time: 945 | Result values:
newval=0.000000
Time: 945 | Result values:
rowcount=         25
Time: 955 | Result values:
currvaL=0.000000
Time: 955 | Result values:
out1=0.000000
out1=xxxxxxxxxxxxxxxxxxxxxxxxxxxxxxxx
Time: 955 | Result values:
outsimp=0.000000
outsimp=xxxxxxxxxxxxxxxx
Time: 955 | Result values:
outmod=0.000000
outmod=xxxxxxxxxxxxxxxx
Time: 955 | Result values:
newval=0.000000
Time: 955 | Result values:
rowcount=          0
Time: 965 | Result values:
currvaL=-4.750000
Time: 965 | Result values:
out1=-73.049805
out1=11111111101101101111001101000000
Time: 965 | Result values:
outsimp=-73.050781
outsimp=1011011011110011
Time: 965 | Result values:
outmod=-73.050781
outmod=1011011011110011
Time: 965 | Result values:
newval=0.000000
Time: 965 | Result values:
rowcount=          5
Time: 975 | Result values:
newval=0.000000
Time: 975 | Result values:
rowcount=         10
Time: 985 | Result values:
newval=0.000000
Time: 985 | Result values:
rowcount=         15
Time: 995 | Result values:
newval=0.000000
Time: 995 | Result values:
rowcount=         20
